<?xml version="1.0" encoding="UTF-8"?>
<!-- Generated by org.testng.reporters.JUnitReportReporter -->
<testsuite skipped="0" hostname="Mehuls-MacBook-Air.local" name="com.learning.sendbodyinmultipleways.PostWorkspaceJackson" tests="1" failures="0" timestamp="11 Aug 2021 17:08:30 GMT" time="4.875" errors="0">
  <testcase name="createWorkSpaceBDD" time="4.875" classname="com.learning.sendbodyinmultipleways.PostWorkspaceJackson"/>
</testsuite> <!-- com.learning.sendbodyinmultipleways.PostWorkspaceJackson -->
