<?xml version="1.0" encoding="UTF-8"?>
<!-- Generated by org.testng.reporters.JUnitReportReporter -->
<testsuite skipped="0" hostname="Mehuls-MacBook-Air.local" name="com.learning.postmanecho.FilterInRestAssureed" tests="1" failures="0" timestamp="06 Aug 2021 16:42:57 GMT" time="3.551" errors="0">
  <testcase name="filterUse" time="3.551" classname="com.learning.postmanecho.FilterInRestAssureed"/>
</testsuite> <!-- com.learning.postmanecho.FilterInRestAssureed -->
