<?xml version="1.0" encoding="UTF-8"?>
<!-- Generated by org.testng.reporters.JUnitReportReporter -->
<testsuite hostname="lpbr353-mehuljain" failures="0" tests="1" name="com.learning.workspaceapis.GetWorkplaceBlacklistHeader" time="3.723" errors="0" timestamp="28 Jul 2021 04:02:16 GMT" skipped="0">
  <testcase classname="com.learning.workspaceapis.GetWorkplaceBlacklistHeader" name="getWorkspacesAsResponseVariable" time="3.723"/>
</testsuite> <!-- com.learning.workspaceapis.GetWorkplaceBlacklistHeader -->
