<?xml version="1.0" encoding="UTF-8"?>
<!-- Generated by org.testng.reporters.JUnitReportReporter -->
<testsuite hostname="lpbr353-mehuljain" failures="0" tests="3" name="com.learning.workspaceapis.GetWorkspaceExtractSingleValue" time="6.869" errors="0" timestamp="27 Jul 2021 16:33:55 GMT" skipped="0">
  <testcase classname="com.learning.workspaceapis.GetWorkspaceExtractSingleValue" name="getWorkspacesAsResponseVariable" time="3.038"/>
  <testcase classname="com.learning.workspaceapis.GetWorkspaceExtractSingleValue" name="getWorkspacesAsStringVariableDirectInPath" time="2.297"/>
  <testcase classname="com.learning.workspaceapis.GetWorkspaceExtractSingleValue" name="getWorkspacesAsStringVariable" time="1.534"/>
</testsuite> <!-- com.learning.workspaceapis.GetWorkspaceExtractSingleValue -->
