<?xml version="1.0" encoding="UTF-8"?>
<!-- Generated by org.testng.reporters.JUnitReportReporter -->
<testsuite skipped="0" hostname="Mehuls-MacBook-Air.local" name="com.learning.sendbodyinmultipleways.PostWorkpacePojo" tests="1" failures="0" timestamp="27 Aug 2021 11:06:52 GMT" time="4.096" errors="0">
  <testcase name="createWorkspaceViaPojo" time="4.096" classname="com.learning.sendbodyinmultipleways.PostWorkpacePojo"/>
</testsuite> <!-- com.learning.sendbodyinmultipleways.PostWorkpacePojo -->
