<?xml version="1.0" encoding="UTF-8"?>
<!-- Generated by org.testng.reporters.JUnitReportReporter -->
<testsuite skipped="0" hostname="Mehuls-MacBook-Air.local" name="com.learning.sendbodyinmultipleways.PostWorkspaceHashMap" tests="1" failures="0" timestamp="27 Aug 2021 08:46:38 GMT" time="5.247" errors="0">
  <testcase name="createWorkSpaceBDD" time="5.247" classname="com.learning.sendbodyinmultipleways.PostWorkspaceHashMap"/>
</testsuite> <!-- com.learning.sendbodyinmultipleways.PostWorkspaceHashMap -->
