<?xml version="1.0" encoding="UTF-8"?>
<!-- Generated by org.testng.reporters.JUnitReportReporter -->
<testsuite hostname="lpbr353-mehuljain" failures="0" tests="2" name="com.learning.workspaceapis.PostWorkplaceAPI" time="7.098" errors="0" timestamp="31 Jul 2021 05:57:15 GMT" skipped="0">
  <testcase classname="com.learning.workspaceapis.PostWorkplaceAPI" name="createWorkSpaceBDD" time="5.353"/>
  <testcase classname="com.learning.workspaceapis.PostWorkplaceAPI" name="createWorkSpaceNonBDD" time="1.745"/>
</testsuite> <!-- com.learning.workspaceapis.PostWorkplaceAPI -->
