<?xml version="1.0" encoding="UTF-8"?>
<!-- Generated by org.testng.reporters.JUnitReportReporter -->
<testsuite hostname="lpbr353-mehuljain" failures="0" tests="3" name="com.learning.workspaceapis.GetWorkspaceHeaderPassing" time="3.902" errors="0" timestamp="28 Jul 2021 04:35:37 GMT" skipped="2">
  <testcase classname="com.learning.workspaceapis.GetWorkspaceHeaderPassing" name="headerPassMethod10" time="3.902"/>
  <testcase classname="com.learning.workspaceapis.GetWorkspaceHeaderPassing" name="headerPassMethod6">
    <skipped/>
  </testcase> <!-- headerPassMethod6 -->
  <testcase classname="com.learning.workspaceapis.GetWorkspaceHeaderPassing" name="headerPassMethod7">
    <skipped/>
  </testcase> <!-- headerPassMethod7 -->
</testsuite> <!-- com.learning.workspaceapis.GetWorkspaceHeaderPassing -->
