<?xml version="1.0" encoding="UTF-8"?>
<!-- Generated by org.testng.reporters.JUnitReportReporter -->
<testsuite skipped="0" hostname="Mehuls-MacBook-Air.local" name="com.write.csv.WriteDataToExcel" tests="5" failures="0" timestamp="11 Aug 2021 19:05:37 GMT" time="4.467" errors="0">
  <testcase name="addPlaceWithParametrization" time="0.488" classname="com.write.csv.WriteDataToExcel"/>
  <testcase name="addPlaceWithParametrization" time="0.441" classname="com.write.csv.WriteDataToExcel"/>
  <testcase name="addPlaceWithParametrization" time="0.600" classname="com.write.csv.WriteDataToExcel"/>
  <testcase name="addPlaceWithParametrization" time="0.497" classname="com.write.csv.WriteDataToExcel"/>
  <testcase name="addPlaceWithParametrization" time="2.441" classname="com.write.csv.WriteDataToExcel"/>
</testsuite> <!-- com.write.csv.WriteDataToExcel -->
