<?xml version="1.0" encoding="UTF-8"?>
<!-- Generated by org.testng.reporters.JUnitReportReporter -->
<testsuite hostname="lpbr353-mehuljain" failures="0" tests="1" name="com.learning.workspaceapis.PutWorkspaceAPI" time="3.141" errors="0" timestamp="28 Jul 2021 17:58:02 GMT" skipped="0">
  <testcase classname="com.learning.workspaceapis.PutWorkspaceAPI" name="createWorkSpaceBDD" time="3.141"/>
</testsuite> <!-- com.learning.workspaceapis.PutWorkspaceAPI -->
