<?xml version="1.0" encoding="UTF-8"?>
<!-- Generated by org.testng.reporters.JUnitReportReporter -->
<testsuite hostname="lpbr353-mehuljain" failures="0" tests="3" name="com.learning.workspaceapis.GetWorkplaceRequestSpecification" time="8.083" errors="0" timestamp="28 Jul 2021 16:27:41 GMT" skipped="0">
  <testcase classname="com.learning.workspaceapis.GetWorkplaceRequestSpecification" name="getWorkspacesValidateStatusCode" time="2.748"/>
  <testcase classname="com.learning.workspaceapis.GetWorkplaceRequestSpecification" name="queryTest" time="0.006"/>
  <testcase classname="com.learning.workspaceapis.GetWorkplaceRequestSpecification" name="getWorkspacesValidateBody" time="5.329"/>
</testsuite> <!-- com.learning.workspaceapis.GetWorkplaceRequestSpecification -->
