<?xml version="1.0" encoding="UTF-8"?>
<!-- Generated by org.testng.reporters.JUnitReportReporter -->
<testsuite hostname="lpbr353-mehuljain" failures="0" tests="1" name="com.learning.workspaceapis.PostWorkspaceJsonFile" time="3.368" errors="0" timestamp="31 Jul 2021 06:04:06 GMT" skipped="0">
  <testcase classname="com.learning.workspaceapis.PostWorkspaceJsonFile" name="createWorkSpaceBDD" time="3.368"/>
</testsuite> <!-- com.learning.workspaceapis.PostWorkspaceJsonFile -->
