<?xml version="1.0" encoding="UTF-8"?>
<!-- Generated by org.testng.reporters.JUnitReportReporter -->
<testsuite skipped="0" hostname="Mehuls-MacBook-Air.local" name="com.assignments.tests.CreateUserTest" tests="1" failures="0" timestamp="27 Aug 2021 10:30:33 GMT" time="2.659" errors="0">
  <testcase name="createUserViaPojo" time="2.659" classname="com.assignments.tests.CreateUserTest"/>
</testsuite> <!-- com.assignments.tests.CreateUserTest -->
