<?xml version="1.0" encoding="UTF-8"?>
<!-- Generated by org.testng.reporters.JUnitReportReporter -->
<testsuite hostname="lpbr353-mehuljain" failures="0" tests="3" name="com.learning.workspaceapis.GetWorkspace" time="12.814" errors="0" timestamp="27 Jul 2021 15:55:22 GMT" skipped="0">
  <testcase classname="com.learning.workspaceapis.GetWorkspace" name="getWorkspacesAsResponseVariable" time="4.720"/>
  <testcase classname="com.learning.workspaceapis.GetWorkspace" name="getWorkspacesAsStringVariable" time="3.814"/>
  <testcase classname="com.learning.workspaceapis.GetWorkspace" name="getWorkspacesAsStringVariableDirectInPath" time="4.280"/>
</testsuite> <!-- com.learning.workspaceapis.GetWorkspace -->
